<?xml version="1.0" encoding="UTF-8"?>
<testsuites name="Mocha Tests" time="0.724" tests="2" failures="1">
  <testsuite name="Root Suite" timestamp="2018-09-28T19:31:44" tests="0" failures="0" time="0">
  </testsuite>
  <testsuite name="Hello World Test" timestamp="2018-09-28T19:31:44" tests="2" failures="1" time="0.724">
    <testcase name="Hello World Test Makes the login and authenticate" time="0.724" classname="Makes the login and authenticate">
    </testcase>
    <testcase name="Hello World Test Visits the page and sees Hello World message hurraaaayy!" time="0" classname="Visits the page and sees Hello World message hurraaaayy!">
      <failure><![CDATA[CypressError: Timed out retrying: Expected to find element: '[data-cy=input_clif_cgc_cpf]', but never found it.
    at Object.cypressErr (http://127.0.0.1:7070/__cypress/runner/cypress_runner.js:68154:11)
    at Object.throwErr (http://127.0.0.1:7070/__cypress/runner/cypress_runner.js:68119:18)
    at Object.throwErrByPath (http://127.0.0.1:7070/__cypress/runner/cypress_runner.js:68146:17)
    at retry (http://127.0.0.1:7070/__cypress/runner/cypress_runner.js:61899:16)
    at http://127.0.0.1:7070/__cypress/runner/cypress_runner.js:54017:18
    at tryCatcher (http://127.0.0.1:7070/__cypress/runner/cypress_runner.js:7091:23)
    at Promise._settlePromiseFromHandler (http://127.0.0.1:7070/__cypress/runner/cypress_runner.js:5113:31)
    at Promise._settlePromise (http://127.0.0.1:7070/__cypress/runner/cypress_runner.js:5170:18)
    at Promise._settlePromise0 (http://127.0.0.1:7070/__cypress/runner/cypress_runner.js:5215:10)
    at Promise._settlePromises (http://127.0.0.1:7070/__cypress/runner/cypress_runner.js:5290:18)
    at Async._drainQueue (http://127.0.0.1:7070/__cypress/runner/cypress_runner.js:2023:16)
    at Async._drainQueues (http://127.0.0.1:7070/__cypress/runner/cypress_runner.js:2033:10)
    at Async.drainQueues (http://127.0.0.1:7070/__cypress/runner/cypress_runner.js:1907:14)
    at <anonymous>]]></failure>
    </testcase>
  </testsuite>
</testsuites>